Keywords	Date and Time	Source	Event ID	Task Category
Audit Failure	12/27/2025 9:56:26 PM	Microsoft-Windows-Security-Auditing	4625	Logon	"An account failed to log on.

Subject:
	Security ID:		SYSTEM
	Account Name:		LAB-WINDOWS
	Account Domain:		WORKGROUP
	Logon ID:		0x3E7

Logon Type:			2

Account For Which Logon Failed:
	Security ID:		NULL SID
	Account Name:		testuser
	Account Domain:		LAB-WINDOWS

Failure Information:
	Failure Reason:		Unknown user name or bad password.
	Status:			0xC000006D
	Sub Status:		0xC000006A

Process Information:
	Caller Process ID:	0x3f8
	Caller Process Name:	C:\Windows\System32\svchost.exe

Network Information:
	Workstation Name:	LAB-WINDOWS
	Source Network Address:	127.0.0.xxx
	Source Port:		0

Detailed Authentication Information:
	Logon Process:		User32 
	Authentication Package:	Negotiate
	Transited Services:	-
	Package Name (NTLM only):	-
	Key Length:		0

This event is generated when a logon request fails. It is generated on the computer where access was attempted.

The Subject fields indicate the account on the local system which requested the logon. This is most commonly a service such as the Server service, or a local process such as Winlogon.exe or Services.exe.

The Logon Type field indicates the kind of logon that was requested. The most common types are 2 (interactive) and 3 (network).

The Process Information fields indicate which account and process on the system requested the logon.

The Network Information fields indicate where a remote logon request originated. Workstation name is not always available and may be left blank in some cases.

The authentication information fields provide detailed information about this specific logon request.
	- Transited services indicate which intermediate services have participated in this logon request.
	- Package name indicates which sub-protocol was used among the NTLM protocols.
	- Key length indicates the length of the generated session key. This will be 0 if no session key was requested."
Audit Failure	12/27/2025 9:56:18 PM	Microsoft-Windows-Security-Auditing	4625	Logon	"An account failed to log on.

Subject:
	Security ID:		SYSTEM
	Account Name:		LAB-WINDOWS
	Account Domain:		WORKGROUP
	Logon ID:		0x3E7

Logon Type:			2

Account For Which Logon Failed:
	Security ID:		NULL SID
	Account Name:		testuser
	Account Domain:		LAB

Failure Information:
	Failure Reason:		Unknown user name or bad password.
	Status:			0xC000006D
	Sub Status:		0xC000006A

Process Information:
	Caller Process ID:	0x3f8
	Caller Process Name:	C:\Windows\System32\svchost.exe

Network Information:
	Workstation Name:	LAB-WINDOWS
	Source Network Address:	127.0.0.xxx
	Source Port:		0

Detailed Authentication Information:
	Logon Process:		User32 
	Authentication Package:	Negotiate
	Transited Services:	-
	Package Name (NTLM only):	-
	Key Length:		0

This event is generated when a logon request fails. It is generated on the computer where access was attempted.

The Subject fields indicate the account on the local system which requested the logon. This is most commonly a service such as the Server service, or a local process such as Winlogon.exe or Services.exe.

The Logon Type field indicates the kind of logon that was requested. The most common types are 2 (interactive) and 3 (network).

The Process Information fields indicate which account and process on the system requested the logon.

The Network Information fields indicate where a remote logon request originated. Workstation name is not always available and may be left blank in some cases.

The authentication information fields provide detailed information about this specific logon request.
	- Transited services indicate which intermediate services have participated in this logon request.
	- Package name indicates which sub-protocol was used among the NTLM protocols.
	- Key length indicates the length of the generated session key. This will be 0 if no session key was requested."
Audit Failure	12/27/2025 9:56:04 PM	Microsoft-Windows-Security-Auditing	4625	Logon	"An account failed to log on.

Subject:
	Security ID:		SYSTEM
	Account Name:		LAB-WINDOWS
	Account Domain:		WORKGROUP
	Logon ID:		0x3E7

Logon Type:			2

Account For Which Logon Failed:
	Security ID:		NULL SID
	Account Name:		testuser
	Account Domain:		

Failure Information:
	Failure Reason:		Unknown user name or bad password.
	Status:			0xC000006D
	Sub Status:		0xC000006A

Process Information:
	Caller Process ID:	0x3f8
	Caller Process Name:	C:\Windows\System32\svchost.exe

Network Information:
	Workstation Name:	LAB-WINDOWs
	Source Network Address:	127.0.0.xxx
	Source Port:		0

Detailed Authentication Information:
	Logon Process:		User32 
	Authentication Package:	Negotiate
	Transited Services:	-
	Package Name (NTLM only):	-
	Key Length:		0

This event is generated when a logon request fails. It is generated on the computer where access was attempted.

The Subject fields indicate the account on the local system which requested the logon. This is most commonly a service such as the Server service, or a local process such as Winlogon.exe or Services.exe.

The Logon Type field indicates the kind of logon that was requested. The most common types are 2 (interactive) and 3 (network).

The Process Information fields indicate which account and process on the system requested the logon.

The Network Information fields indicate where a remote logon request originated. Workstation name is not always available and may be left blank in some cases.

The authentication information fields provide detailed information about this specific logon request.
	- Transited services indicate which intermediate services have participated in this logon request.
	- Package name indicates which sub-protocol was used among the NTLM protocols.
	- Key length indicates the length of the generated session key. This will be 0 if no session key was requested."
Audit Failure	12/27/2025 8:37:34 PM	Microsoft-Windows-Security-Auditing	4625	Logon	"An account failed to log on.

Subject:
	Security ID:		SYSTEM
	Account Name:		LAB-WINDOWS
	Account Domain:		WORKGROUP
	Logon ID:		0x3E7

Logon Type:			2

Account For Which Logon Failed:
	Security ID:		NULL SID
	Account Name:		testuser
	Account Domain:		LAB-WINDOWS

Failure Information:
	Failure Reason:		Unknown user name or bad password.
	Status:			0xC000006D
	Sub Status:		0xC000006A

Process Information:
	Caller Process ID:	0x3e4
	Caller Process Name:	C:\Windows\System32\svchost.exe

Network Information:
	Workstation Name:	LAB-WINDOWS
	Source Network Address:	127.0.0.xxx
	Source Port:		0

Detailed Authentication Information:
	Logon Process:		User32 
	Authentication Package:	Negotiate
	Transited Services:	-
	Package Name (NTLM only):	-
	Key Length:		0

This event is generated when a logon request fails. It is generated on the computer where access was attempted.

The Subject fields indicate the account on the local system which requested the logon. This is most commonly a service such as the Server service, or a local process such as Winlogon.exe or Services.exe.

The Logon Type field indicates the kind of logon that was requested. The most common types are 2 (interactive) and 3 (network).

The Process Information fields indicate which account and process on the system requested the logon.

The Network Information fields indicate where a remote logon request originated. Workstation name is not always available and may be left blank in some cases.

The authentication information fields provide detailed information about this specific logon request.
	- Transited services indicate which intermediate services have participated in this logon request.
	- Package name indicates which sub-protocol was used among the NTLM protocols.
	- Key length indicates the length of the generated session key. This will be 0 if no session key was requested."
Audit Failure	12/27/2025 8:37:10 PM	Microsoft-Windows-Security-Auditing	4625	Logon	"An account failed to log on.

Subject:
	Security ID:		SYSTEM
	Account Name:		LAB-WINDOWS
	Account Domain:		WORKGROUP
	Logon ID:		0x3E7

Logon Type:			2

Account For Which Logon Failed:
	Security ID:		NULL SID
	Account Name:		testuser
	Account Domain:		

Failure Information:
	Failure Reason:		Unknown user name or bad password.
	Status:			0xC000006D
	Sub Status:		0xC000006A

Process Information:
	Caller Process ID:	0x3e4
	Caller Process Name:	C:\Windows\System32\svchost.exe

Network Information:
	Workstation Name:	LAB-WINDOWS
	Source Network Address:	127.0.0.xxx
	Source Port:		0

Detailed Authentication Information:
	Logon Process:		User32 
	Authentication Package:	Negotiate
	Transited Services:	-
	Package Name (NTLM only):	-
	Key Length:		0

This event is generated when a logon request fails. It is generated on the computer where access was attempted.

The Subject fields indicate the account on the local system which requested the logon. This is most commonly a service such as the Server service, or a local process such as Winlogon.exe or Services.exe.

The Logon Type field indicates the kind of logon that was requested. The most common types are 2 (interactive) and 3 (network).

The Process Information fields indicate which account and process on the system requested the logon.

The Network Information fields indicate where a remote logon request originated. Workstation name is not always available and may be left blank in some cases.

The authentication information fields provide detailed information about this specific logon request.
	- Transited services indicate which intermediate services have participated in this logon request.
	- Package name indicates which sub-protocol was used among the NTLM protocols.
	- Key length indicates the length of the generated session key. This will be 0 if no session key was requested."
Audit Failure	12/3/2025 7:20:43 PM	Microsoft-Windows-Security-Auditing	4625	Logon	"An account failed to log on.

Subject:
	Security ID:		SYSTEM
	Account Name:		LAB-WINDOWS
	Account Domain:		WORKGROUP
	Logon ID:		0x3E7

Logon Type:			2

Account For Which Logon Failed:
	Security ID:		NULL SID
	Account Name:		testuser
	Account Domain:		LAB-WINDOWS

Failure Information:
	Failure Reason:		Unknown user name or bad password.
	Status:			0xC000006D
	Sub Status:		0xC000006A

Process Information:
	Caller Process ID:	0x3e4
	Caller Process Name:	C:\Windows\System32\svchost.exe

Network Information:
	Workstation Name:	LAB-WINDOWS
	Source Network Address:	127.0.0.xxx
	Source Port:		0

Detailed Authentication Information:
	Logon Process:		User32 
	Authentication Package:	Negotiate
	Transited Services:	-
	Package Name (NTLM only):	-
	Key Length:		0

This event is generated when a logon request fails. It is generated on the computer where access was attempted.

The Subject fields indicate the account on the local system which requested the logon. This is most commonly a service such as the Server service, or a local process such as Winlogon.exe or Services.exe.

The Logon Type field indicates the kind of logon that was requested. The most common types are 2 (interactive) and 3 (network).

The Process Information fields indicate which account and process on the system requested the logon.

The Network Information fields indicate where a remote logon request originated. Workstation name is not always available and may be left blank in some cases.

The authentication information fields provide detailed information about this specific logon request.
	- Transited services indicate which intermediate services have participated in this logon request.
	- Package name indicates which sub-protocol was used among the NTLM protocols.
	- Key length indicates the length of the generated session key. This will be 0 if no session key was requested."
Audit Failure	12/3/2025 7:20:39 PM	Microsoft-Windows-Security-Auditing	4625	Logon	"An account failed to log on.

Subject:
	Security ID:		SYSTEM
	Account Name:		LAB-WINDOWS
	Account Domain:		WORKGROUP
	Logon ID:		0x3E7

Logon Type:			2

Account For Which Logon Failed:
	Security ID:		NULL SID
	Account Name:		testuser
	Account Domain:		LAB-WINDOWS

Failure Information:
	Failure Reason:		Unknown user name or bad password.
	Status:			0xC000006D
	Sub Status:		0xC000006A

Process Information:
	Caller Process ID:	0x3e4
	Caller Process Name:	C:\Windows\System32\svchost.exe

Network Information:
	Workstation Name:	LAB-WINDOWS
	Source Network Address:	127.0.0.xxx
	Source Port:		0

Detailed Authentication Information:
	Logon Process:		User32 
	Authentication Package:	Negotiate
	Transited Services:	-
	Package Name (NTLM only):	-
	Key Length:		0

This event is generated when a logon request fails. It is generated on the computer where access was attempted.

The Subject fields indicate the account on the local system which requested the logon. This is most commonly a service such as the Server service, or a local process such as Winlogon.exe or Services.exe.

The Logon Type field indicates the kind of logon that was requested. The most common types are 2 (interactive) and 3 (network).

The Process Information fields indicate which account and process on the system requested the logon.

The Network Information fields indicate where a remote logon request originated. Workstation name is not always available and may be left blank in some cases.

The authentication information fields provide detailed information about this specific logon request.
	- Transited services indicate which intermediate services have participated in this logon request.
	- Package name indicates which sub-protocol was used among the NTLM protocols.
	- Key length indicates the length of the generated session key. This will be 0 if no session key was requested."
Audit Failure	12/3/2025 7:20:36 PM	Microsoft-Windows-Security-Auditing	4625	Logon	"An account failed to log on.

Subject:
	Security ID:		SYSTEM
	Account Name:		LAB-WINDOWS
	Account Domain:		WORKGROUP
	Logon ID:		0x3E7

Logon Type:			2

Account For Which Logon Failed:
	Security ID:		NULL SID
	Account Name:		testuser
	Account Domain:		LAB-WINDOWS

Failure Information:
	Failure Reason:		Unknown user name or bad password.
	Status:			0xC000006D
	Sub Status:		0xC000006A

Process Information:
	Caller Process ID:	0x3e4
	Caller Process Name:	C:\Windows\System32\svchost.exe

Network Information:
	Workstation Name:	LAB-WINDOWS
	Source Network Address:	127.0.0.xxx
	Source Port:		0

Detailed Authentication Information:
	Logon Process:		User32 
	Authentication Package:	Negotiate
	Transited Services:	-
	Package Name (NTLM only):	-
	Key Length:		0

This event is generated when a logon request fails. It is generated on the computer where access was attempted.

The Subject fields indicate the account on the local system which requested the logon. This is most commonly a service such as the Server service, or a local process such as Winlogon.exe or Services.exe.

The Logon Type field indicates the kind of logon that was requested. The most common types are 2 (interactive) and 3 (network).

The Process Information fields indicate which account and process on the system requested the logon.

The Network Information fields indicate where a remote logon request originated. Workstation name is not always available and may be left blank in some cases.

The authentication information fields provide detailed information about this specific logon request.
	- Transited services indicate which intermediate services have participated in this logon request.
	- Package name indicates which sub-protocol was used among the NTLM protocols.
	- Key length indicates the length of the generated session key. This will be 0 if no session key was requested."
Audit Failure	12/3/2025 7:20:31 PM	Microsoft-Windows-Security-Auditing	4625	Logon	"An account failed to log on.

Subject:
	Security ID:		SYSTEM
	Account Name:		LAB-WINDOWS
	Account Domain:		WORKGROUP
	Logon ID:		0x3E7

Logon Type:			2

Account For Which Logon Failed:
	Security ID:		NULL SID
	Account Name:		testuser
	Account Domain:		LAB-WINDOWS

Failure Information:
	Failure Reason:		Unknown user name or bad password.
	Status:			0xC000006D
	Sub Status:		0xC000006A

Process Information:
	Caller Process ID:	0x3e4
	Caller Process Name:	C:\Windows\System32\svchost.exe

Network Information:
	Workstation Name:	LAB-WINDOWS
	Source Network Address:	127.0.0.xxx
	Source Port:		0

Detailed Authentication Information:
	Logon Process:		User32 
	Authentication Package:	Negotiate
	Transited Services:	-
	Package Name (NTLM only):	-
	Key Length:		0

This event is generated when a logon request fails. It is generated on the computer where access was attempted.

The Subject fields indicate the account on the local system which requested the logon. This is most commonly a service such as the Server service, or a local process such as Winlogon.exe or Services.exe.

The Logon Type field indicates the kind of logon that was requested. The most common types are 2 (interactive) and 3 (network).

The Process Information fields indicate which account and process on the system requested the logon.

The Network Information fields indicate where a remote logon request originated. Workstation name is not always available and may be left blank in some cases.

The authentication information fields provide detailed information about this specific logon request.
	- Transited services indicate which intermediate services have participated in this logon request.
	- Package name indicates which sub-protocol was used among the NTLM protocols.
	- Key length indicates the length of the generated session key. This will be 0 if no session key was requested."
Audit Failure	12/3/2025 7:20:28 PM	Microsoft-Windows-Security-Auditing	4625	Logon	"An account failed to log on.

Subject:
	Security ID:		SYSTEM
	Account Name:		LAB-WINDOWS
	Account Domain:		WORKGROUP
	Logon ID:		0x3E7

Logon Type:			2

Account For Which Logon Failed:
	Security ID:		NULL SID
	Account Name:		testuser
	Account Domain:		LAB-WINDOWS

Failure Information:
	Failure Reason:		Unknown user name or bad password.
	Status:			0xC000006D
	Sub Status:		0xC000006A

Process Information:
	Caller Process ID:	0x3e4
	Caller Process Name:	C:\Windows\System32\svchost.exe

Network Information:
	Workstation Name:	LAB-WINDOWS
	Source Network Address:	127.0.0.xxx
	Source Port:		0

Detailed Authentication Information:
	Logon Process:		User32 
	Authentication Package:	Negotiate
	Transited Services:	-
	Package Name (NTLM only):	-
	Key Length:		0

This event is generated when a logon request fails. It is generated on the computer where access was attempted.

The Subject fields indicate the account on the local system which requested the logon. This is most commonly a service such as the Server service, or a local process such as Winlogon.exe or Services.exe.

The Logon Type field indicates the kind of logon that was requested. The most common types are 2 (interactive) and 3 (network).

The Process Information fields indicate which account and process on the system requested the logon.

The Network Information fields indicate where a remote logon request originated. Workstation name is not always available and may be left blank in some cases.

The authentication information fields provide detailed information about this specific logon request.
	- Transited services indicate which intermediate services have participated in this logon request.
	- Package name indicates which sub-protocol was used among the NTLM protocols.
	- Key length indicates the length of the generated session key. This will be 0 if no session key was requested."
Audit Failure	12/3/2025 7:20:18 PM	Microsoft-Windows-Security-Auditing	4625	Logon	"An account failed to log on.

Subject:
	Security ID:		SYSTEM
	Account Name:		LAB-WINDOWS
	Account Domain:		WORKGROUP
	Logon ID:		0x3E7

Logon Type:			2

Account For Which Logon Failed:
	Security ID:		NULL SID
	Account Name:		testuser
	Account Domain:		

Failure Information:
	Failure Reason:		Unknown user name or bad password.
	Status:			0xC000006D
	Sub Status:		0xC000006A

Process Information:
	Caller Process ID:	0x3e4
	Caller Process Name:	C:\Windows\System32\svchost.exe

Network Information:
	Workstation Name:	LAB-WINDOWS
	Source Network Address:	127.0.0.xxx
	Source Port:		0

Detailed Authentication Information:
	Logon Process:		User32 
	Authentication Package:	Negotiate
	Transited Services:	-
	Package Name (NTLM only):	-
	Key Length:		0

This event is generated when a logon request fails. It is generated on the computer where access was attempted.

The Subject fields indicate the account on the local system which requested the logon. This is most commonly a service such as the Server service, or a local process such as Winlogon.exe or Services.exe.

The Logon Type field indicates the kind of logon that was requested. The most common types are 2 (interactive) and 3 (network).

The Process Information fields indicate which account and process on the system requested the logon.

The Network Information fields indicate where a remote logon request originated. Workstation name is not always available and may be left blank in some cases.

The authentication information fields provide detailed information about this specific logon request.
	- Transited services indicate which intermediate services have participated in this logon request.
	- Package name indicates which sub-protocol was used among the NTLM protocols.
	- Key length indicates the length of the generated session key. This will be 0 if no session key was requested."
Audit Failure	12/3/2025 1:51:33 PM	Microsoft-Windows-Security-Auditing	4625	Logon	"An account failed to log on.

Subject:
	Security ID:		SYSTEM
	Account Name:		LAB-WINDOWS
	Account Domain:		WORKGROUP
	Logon ID:		0x3E7

Logon Type:			2

Account For Which Logon Failed:
	Security ID:		NULL SID
	Account Name:		testuser
	Account Domain:		

Failure Information:
	Failure Reason:		Unknown user name or bad password.
	Status:			0xC000006D
	Sub Status:		0xC000006A

Process Information:
	Caller Process ID:	0x294
	Caller Process Name:	C:\Windows\System32\svchost.exe

Network Information:
	Workstation Name:	LAB-WINDOWS
	Source Network Address:	127.0.0.xxx
	Source Port:		0

Detailed Authentication Information:
	Logon Process:		User32 
	Authentication Package:	Negotiate
	Transited Services:	-
	Package Name (NTLM only):	-
	Key Length:		0

This event is generated when a logon request fails. It is generated on the computer where access was attempted.

The Subject fields indicate the account on the local system which requested the logon. This is most commonly a service such as the Server service, or a local process such as Winlogon.exe or Services.exe.

The Logon Type field indicates the kind of logon that was requested. The most common types are 2 (interactive) and 3 (network).

The Process Information fields indicate which account and process on the system requested the logon.

The Network Information fields indicate where a remote logon request originated. Workstation name is not always available and may be left blank in some cases.

The authentication information fields provide detailed information about this specific logon request.
	- Transited services indicate which intermediate services have participated in this logon request.
	- Package name indicates which sub-protocol was used among the NTLM protocols.
	- Key length indicates the length of the generated session key. This will be 0 if no session key was requested."
